error: No se pudo obtener el usuario: Error: Error: El usuario no existe
error: No se pudo obtener el usuario: Error: Error: El usuario no existe
error: No se pudo obtener el usuario: Error: Error: El usuario no existe
error: No se pudo obtener el usuario: Error: Error: El usuario no existe
error: No se pudo obtener el usuario: Error: Error: El usuario no existe
error: No se pudo obtener el usuario: Error: Error: El usuario no existe
error: No se pudo obtener el usuario: Error: Error: El usuario no existe
error: No se pudo obtener el usuario: Error: Error: El usuario no existe
error: No se pudo obtener el usuario: Error: Error: El usuario no existe
error: Error al generar los Tickets: VersionError: No matching document found for id "669adf495a41c7a5ce1156ce" version 38 modifiedPaths "products"
error: Error al generar los Tickets: Error: Error: No hay productos con suficiente stock en el carrito
error: Error al generar los Tickets: Error: Error: No hay productos con suficiente stock en el carrito
error: Error al generar los Tickets: Error: Error: No hay productos con suficiente stock en el carrito
error: Error al generar los Tickets: Error: Error: No hay productos con suficiente stock en el carrito
error: Error al generar los Tickets: Error: Error: No hay productos con suficiente stock en el carrito
error: Error al generar los Tickets: VersionError: No matching document found for id "669adf495a41c7a5ce1156ce" version 43 modifiedPaths "products"
error: Error al generar los Tickets: Error: Error: No hay productos con suficiente stock en el carrito
error: Error al generar los Tickets: Error: Error: No hay productos con suficiente stock en el carrito
error: Error al generar los Tickets: Error: Error: No hay productos con suficiente stock en el carrito
error: No se pudo registrar el usuario: Error: ValidationError: age: Path `age` is required.
error: Error al generar los Tickets: Error: Error: No hay productos con suficiente stock en el carrito
error: Error al generar los Tickets: Error: Error: No hay productos con suficiente stock en el carrito
error: Error al generar los Tickets: Error: Error: No hay productos con suficiente stock en el carrito
error: Error al generar los Tickets: VersionError: No matching document found for id "66abd645d5aaec98052535f1" version 20 modifiedPaths "products"
error: Error al generar los Tickets: Error: Error: No hay productos con suficiente stock en el carrito
error: Error al generar los Tickets: VersionError: No matching document found for id "66abd645d5aaec98052535f1" version 21 modifiedPaths "products"
error: Error al generar los Tickets: Error: Error: No hay productos con suficiente stock en el carrito
error: Error al generar los Tickets: VersionError: No matching document found for id "66abd645d5aaec98052535f1" version 22 modifiedPaths "products"
error: Error al generar los Tickets: Error: Error: No hay productos con suficiente stock en el carrito
error: Error al generar los Tickets: Error: Error: No hay productos con suficiente stock en el carrito
error: Error al generar los Tickets: Error: Error: No hay productos con suficiente stock en el carrito
error: Error al generar los Tickets: Error: Error: No hay productos con suficiente stock en el carrito
error: Error al generar los Tickets: Error: Error: No hay productos con suficiente stock en el carrito
error: Error al generar los Tickets: VersionError: No matching document found for id "66abd645d5aaec98052535f1" version 27 modifiedPaths "products"
error: Error al generar los Tickets: Error: Error: No hay productos con suficiente stock en el carrito
error: Error al generar los Tickets: VersionError: No matching document found for id "66abd645d5aaec98052535f1" version 28 modifiedPaths "products"
error: Error al generar los Tickets: Error: Error: No hay productos con suficiente stock en el carrito
error: Error al generar los Tickets: VersionError: No matching document found for id "66abd645d5aaec98052535f1" version 29 modifiedPaths "products"
error: Error al generar los Tickets: Error: Error: No hay productos con suficiente stock en el carrito
error: Error al generar los Tickets: VersionError: No matching document found for id "66abd645d5aaec98052535f1" version 30 modifiedPaths "products"
error: Error al generar los Tickets: Error: Error: No hay productos con suficiente stock en el carrito
error: Error al generar los Tickets: VersionError: No matching document found for id "66abd645d5aaec98052535f1" version 31 modifiedPaths "products"
error: Error al generar los Tickets: Error: Error: No hay productos con suficiente stock en el carrito
error: Error al generar los Tickets: VersionError: No matching document found for id "66abd645d5aaec98052535f1" version 32 modifiedPaths "products"
error: Error al generar los Tickets: VersionError: No matching document found for id "66abd645d5aaec98052535f1" version 34 modifiedPaths "products"
error: Error al generar los Tickets: Error: Error: No hay productos con suficiente stock en el carrito
error: Error al generar los Tickets: VersionError: No matching document found for id "66abd645d5aaec98052535f1" version 35 modifiedPaths "products"
error: Error al generar los Tickets: Error: Error: No hay productos con suficiente stock en el carrito
error: Error al generar los Tickets: VersionError: No matching document found for id "66abd645d5aaec98052535f1" version 36 modifiedPaths "products"
error: Error al generar los Tickets: Error: Error: No hay productos con suficiente stock en el carrito
error: Error al generar los Tickets: VersionError: No matching document found for id "66abd645d5aaec98052535f1" version 37 modifiedPaths "products"
error: Error al generar los Tickets: Error: Error: No hay productos con suficiente stock en el carrito
error: Error al generar los Tickets: VersionError: No matching document found for id "66abd645d5aaec98052535f1" version 38 modifiedPaths "products"
error: Error al generar los Tickets: Error: Error: No hay productos con suficiente stock en el carrito
error: Error al generar los Tickets: VersionError: No matching document found for id "66abd645d5aaec98052535f1" version 39 modifiedPaths "products"
error: Error al generar los Tickets: VersionError: No matching document found for id "66abd645d5aaec98052535f1" version 43 modifiedPaths "products"
error: Error al generar los Tickets: Error: Error: No hay productos con suficiente stock en el carrito
error: Error al generar los Tickets: VersionError: No matching document found for id "66abd645d5aaec98052535f1" version 44 modifiedPaths "products"
error: Error al generar los Tickets: VersionError: No matching document found for id "66abd645d5aaec98052535f1" version 47 modifiedPaths "products"
error: No se pudo registrar el usuario: Error: Error: El usuario ya existe
error: Error al generar los Tickets: VersionError: No matching document found for id "66ae3beaa9dddfc2d446a2d0" version 2 modifiedPaths "products"
error: Error al generar los Tickets: VersionError: No matching document found for id "66ae3beaa9dddfc2d446a2d0" version 3 modifiedPaths "products"
error: Error al generar los Tickets: Error: Error: No hay productos con suficiente stock en el carrito
error: Error al generar los Tickets: VersionError: No matching document found for id "66ae3beaa9dddfc2d446a2d0" version 5 modifiedPaths "products"
error: No se encontraron usuarios: TypeError: user.map is not a function
error: No se encontraron usuarios: TypeError: user.map is not a function
